c:\users\şeyma\desktop\seymaceydaoyku\gametemplate\projects\game\debug\vc142.pdb
c:\users\şeyma\desktop\seymaceydaoyku\gametemplate\projects\game\debug\vc142.ıdb
c:\users\şeyma\desktop\seymaceydaoyku\gametemplate\projects\game\debug\source.obj
c:\users\şeyma\desktop\seymaceydaoyku\gametemplate\projects\game\debug\movıngobject.obj
c:\users\şeyma\desktop\seymaceydaoyku\gametemplate\projects\game\debug\gamemanager.obj
c:\users\şeyma\desktop\seymaceydaoyku\gametemplate\projects\game\debug\dot.obj
c:\users\şeyma\desktop\seymaceydaoyku\gametemplate\projects\game\debug\block.obj
c:\users\şeyma\desktop\seymaceydaoyku\gametemplate\projects\debug\game.lib
c:\users\şeyma\desktop\seymaceydaoyku\gametemplate\projects\debug\game.exp
c:\users\şeyma\desktop\seymaceydaoyku\gametemplate\projects\debug\game.exe
c:\users\şeyma\desktop\seymaceydaoyku\gametemplate\projects\debug\game.ılk
c:\users\şeyma\desktop\seymaceydaoyku\gametemplate\projects\debug\game.pdb
c:\users\şeyma\desktop\seymaceydaoyku\gametemplate\projects\game\debug\movingobject.obj
c:\users\şeyma\desktop\seymaceydaoyku\gametemplate\projects\game\debug\vc142.idb
c:\users\şeyma\desktop\seymaceydaoyku\gametemplate\projects\debug\game.ilk
c:\users\şeyma\desktop\seymaceydaoyku\gametemplate\projects\game\debug\game.tlog\cl.command.1.tlog
c:\users\şeyma\desktop\seymaceydaoyku\gametemplate\projects\game\debug\game.tlog\cl.read.1.tlog
c:\users\şeyma\desktop\seymaceydaoyku\gametemplate\projects\game\debug\game.tlog\cl.write.1.tlog
c:\users\şeyma\desktop\seymaceydaoyku\gametemplate\projects\game\debug\game.tlog\game.write.1u.tlog
c:\users\şeyma\desktop\seymaceydaoyku\gametemplate\projects\game\debug\game.tlog\link.command.1.tlog
c:\users\şeyma\desktop\seymaceydaoyku\gametemplate\projects\game\debug\game.tlog\link.read.1.tlog
c:\users\şeyma\desktop\seymaceydaoyku\gametemplate\projects\game\debug\game.tlog\link.write.1.tlog
