c:\users\şeyma\desktop\seymaceydaoyku\gametemplate\projects\gameengıne\debug\gameengıne.pdb
c:\users\şeyma\desktop\seymaceydaoyku\gametemplate\projects\gameengıne\debug\gameengıne.ıdb
c:\users\şeyma\desktop\seymaceydaoyku\gametemplate\projects\gameengıne\debug\texture.obj
c:\users\şeyma\desktop\seymaceydaoyku\gametemplate\projects\gameengıne\debug\soundmanager.obj
c:\users\şeyma\desktop\seymaceydaoyku\gametemplate\projects\gameengıne\debug\sound.obj
c:\users\şeyma\desktop\seymaceydaoyku\gametemplate\projects\gameengıne\debug\rendermanager.obj
c:\users\şeyma\desktop\seymaceydaoyku\gametemplate\projects\gameengıne\debug\objectmanager.obj
c:\users\şeyma\desktop\seymaceydaoyku\gametemplate\projects\gameengıne\debug\object.obj
c:\users\şeyma\desktop\seymaceydaoyku\gametemplate\projects\gameengıne\debug\ınputmanager.obj
c:\users\şeyma\desktop\seymaceydaoyku\gametemplate\projects\gameengıne\debug\engınemanager.obj
c:\users\şeyma\desktop\seymaceydaoyku\gametemplate\projects\debug\gameengıne.lıb
c:\users\şeyma\desktop\seymaceydaoyku\gametemplate\projects\gameengine\debug\enginemanager.obj
c:\users\şeyma\desktop\seymaceydaoyku\gametemplate\projects\gameengine\debug\ınputmanager.obj
c:\users\şeyma\desktop\seymaceydaoyku\gametemplate\projects\gameengine\debug\object.obj
c:\users\şeyma\desktop\seymaceydaoyku\gametemplate\projects\gameengine\debug\objectmanager.obj
c:\users\şeyma\desktop\seymaceydaoyku\gametemplate\projects\gameengine\debug\rendermanager.obj
c:\users\şeyma\desktop\seymaceydaoyku\gametemplate\projects\gameengine\debug\sound.obj
c:\users\şeyma\desktop\seymaceydaoyku\gametemplate\projects\gameengine\debug\soundmanager.obj
c:\users\şeyma\desktop\seymaceydaoyku\gametemplate\projects\gameengine\debug\texture.obj
c:\users\şeyma\desktop\seymaceydaoyku\gametemplate\projects\gameengine\debug\gameengine.idb
c:\users\şeyma\desktop\seymaceydaoyku\gametemplate\projects\gameengine\debug\gameengine.pdb
c:\users\şeyma\desktop\seymaceydaoyku\gametemplate\projects\debug\gameengine.pdb
c:\users\şeyma\desktop\seymaceydaoyku\gametemplate\projects\debug\gameengine.lib
c:\users\şeyma\desktop\seymaceydaoyku\gametemplate\projects\gameengine\debug\gameengine.tlog\cl.command.1.tlog
c:\users\şeyma\desktop\seymaceydaoyku\gametemplate\projects\gameengine\debug\gameengine.tlog\cl.read.1.tlog
c:\users\şeyma\desktop\seymaceydaoyku\gametemplate\projects\gameengine\debug\gameengine.tlog\cl.write.1.tlog
c:\users\şeyma\desktop\seymaceydaoyku\gametemplate\projects\gameengine\debug\gameengine.tlog\lib-link.read.1.tlog
c:\users\şeyma\desktop\seymaceydaoyku\gametemplate\projects\gameengine\debug\gameengine.tlog\lib-link.write.1.tlog
c:\users\şeyma\desktop\seymaceydaoyku\gametemplate\projects\gameengine\debug\gameengine.tlog\lib.command.1.tlog
